2024-07-19 15:40:32,615 INFO o.a.j.u.JMeterUtils: Setting Locale to en_EN
2024-07-19 15:40:32,637 INFO o.a.j.JMeter: Loading user properties from: user.properties
2024-07-19 15:40:32,638 INFO o.a.j.JMeter: Loading system properties from: system.properties
2024-07-19 15:40:32,645 INFO o.a.j.JMeter: Copyright (c) 1998-2024 The Apache Software Foundation
2024-07-19 15:40:32,645 INFO o.a.j.JMeter: Version 5.6.3
2024-07-19 15:40:32,645 INFO o.a.j.JMeter: java.version=21.0.3
2024-07-19 15:40:32,645 INFO o.a.j.JMeter: java.vm.name=Java HotSpot(TM) 64-Bit Server VM
2024-07-19 15:40:32,645 INFO o.a.j.JMeter: os.name=Windows 11
2024-07-19 15:40:32,645 INFO o.a.j.JMeter: os.arch=amd64
2024-07-19 15:40:32,645 INFO o.a.j.JMeter: os.version=10.0
2024-07-19 15:40:32,645 INFO o.a.j.JMeter: file.encoding=UTF-8
2024-07-19 15:40:32,645 INFO o.a.j.JMeter: java.awt.headless=true
2024-07-19 15:40:32,645 INFO o.a.j.JMeter: Max memory     =1073741824
2024-07-19 15:40:32,645 INFO o.a.j.JMeter: Available Processors =8
2024-07-19 15:40:32,712 INFO o.a.j.JMeter: Default Locale=English (EN)
2024-07-19 15:40:32,713 INFO o.a.j.JMeter: JMeter  Locale=English (EN)
2024-07-19 15:40:32,713 INFO o.a.j.JMeter: JMeterHome=C:\Users\amitd\OneDrive\Desktop\apache-jmeter-5.6.3\apache-jmeter-5.6.3
2024-07-19 15:40:32,713 INFO o.a.j.JMeter: user.dir  =C:\Users\amitd\OneDrive\Desktop\apache-jmeter-5.6.3\apache-jmeter-5.6.3\bin
2024-07-19 15:40:32,713 INFO o.a.j.JMeter: PWD       =C:\Users\amitd\OneDrive\Desktop\apache-jmeter-5.6.3\apache-jmeter-5.6.3\bin
2024-07-19 15:40:32,719 INFO o.a.j.JMeter: IP: 192.168.159.78 Name: AmithDas FullName: AmithDas
2024-07-19 15:40:32,735 INFO o.a.j.s.FileServer: Default base='C:\Users\amitd\OneDrive\Desktop\apache-jmeter-5.6.3\apache-jmeter-5.6.3\bin'
2024-07-19 15:40:32,737 INFO o.a.j.s.FileServer: Set new base='C:\Users\amitd\OneDrive\Desktop\apache-jmeter-5.6.3\apache-jmeter-5.6.3\bin'
2024-07-19 15:40:32,919 INFO o.a.j.s.SaveService: Testplan (JMX) version: 2.2. Testlog (JTL) version: 2.2
2024-07-19 15:40:32,950 INFO o.a.j.s.SaveService: Using SaveService properties version 5.0
2024-07-19 15:40:32,952 INFO o.a.j.s.SaveService: Using SaveService properties file encoding UTF-8
2024-07-19 15:40:32,955 INFO o.a.j.s.SaveService: Loading file: 19july.jmx
2024-07-19 15:40:33,108 INFO o.a.j.JMeter: Creating summariser <summary>
2024-07-19 15:40:33,126 INFO o.a.j.e.StandardJMeterEngine: Running the test!
2024-07-19 15:40:33,127 INFO o.a.j.s.SampleEvent: List of sample_variables: []
2024-07-19 15:40:33,127 INFO o.a.j.s.SampleEvent: List of sample_variables: []
2024-07-19 15:40:33,134 INFO o.a.j.e.u.CompoundVariable: Note: Function class names must contain the string: '.functions.'
2024-07-19 15:40:33,135 INFO o.a.j.e.u.CompoundVariable: Note: Function class names must not contain the string: '.gui.'
2024-07-19 15:40:33,198 INFO o.a.j.r.ClassFinder: Will scan jar C:\Users\amitd\OneDrive\Desktop\apache-jmeter-5.6.3\apache-jmeter-5.6.3\lib\ext\jmeter-parallel-0.12.jar with filter ExtendsClassFilter [parents=[interface org.apache.jmeter.functions.Function], inner=false, contains=null, notContains=null]. Consider exposing JMeter plugins via META-INF/services, and add JMeter-Skip-Class-Scanning=true manifest attribute so JMeter can skip classfile scanning
2024-07-19 15:40:33,207 INFO o.a.j.r.ClassFinder: Will scan jar C:\Users\amitd\OneDrive\Desktop\apache-jmeter-5.6.3\apache-jmeter-5.6.3\lib\ext\jmeter-plugins-mergeresults-2.1.jar with filter ExtendsClassFilter [parents=[interface org.apache.jmeter.functions.Function], inner=false, contains=null, notContains=null]. Consider exposing JMeter plugins via META-INF/services, and add JMeter-Skip-Class-Scanning=true manifest attribute so JMeter can skip classfile scanning
2024-07-19 15:40:33,211 INFO o.a.j.r.ClassFinder: Will scan jar C:\Users\amitd\OneDrive\Desktop\apache-jmeter-5.6.3\apache-jmeter-5.6.3\lib\ext\jmeter-plugins-functions-2.2.jar with filter ExtendsClassFilter [parents=[interface org.apache.jmeter.functions.Function], inner=false, contains=null, notContains=null]. Consider exposing JMeter plugins via META-INF/services, and add JMeter-Skip-Class-Scanning=true manifest attribute so JMeter can skip classfile scanning
2024-07-19 15:40:33,222 INFO o.a.j.r.ClassFinder: Will scan jar C:\Users\amitd\OneDrive\Desktop\apache-jmeter-5.6.3\apache-jmeter-5.6.3\lib\ext\jmeter-plugins-manager-1.10.jar with filter ExtendsClassFilter [parents=[interface org.apache.jmeter.functions.Function], inner=false, contains=null, notContains=null]. Consider exposing JMeter plugins via META-INF/services, and add JMeter-Skip-Class-Scanning=true manifest attribute so JMeter can skip classfile scanning
2024-07-19 15:40:33,328 INFO o.a.j.r.ClassFinder: Will scan jar C:\Users\amitd\OneDrive\Desktop\apache-jmeter-5.6.3\apache-jmeter-5.6.3\lib\ext\jmeter-plugins-dummy-0.4.jar with filter ExtendsClassFilter [parents=[interface org.apache.jmeter.functions.Function], inner=false, contains=null, notContains=null]. Consider exposing JMeter plugins via META-INF/services, and add JMeter-Skip-Class-Scanning=true manifest attribute so JMeter can skip classfile scanning
2024-07-19 15:40:33,332 INFO o.a.j.r.ClassFinder: Will scan jar C:\Users\amitd\OneDrive\Desktop\apache-jmeter-5.6.3\apache-jmeter-5.6.3\lib\ext\jmeter-plugins-manager-1.10 (1).jar with filter ExtendsClassFilter [parents=[interface org.apache.jmeter.functions.Function], inner=false, contains=null, notContains=null]. Consider exposing JMeter plugins via META-INF/services, and add JMeter-Skip-Class-Scanning=true manifest attribute so JMeter can skip classfile scanning
2024-07-19 15:40:33,335 INFO o.a.j.r.ClassFinder: Will scan jar C:\Users\amitd\OneDrive\Desktop\apache-jmeter-5.6.3\apache-jmeter-5.6.3\lib\ext\jmeter-plugins-perfmon-2.1.jar with filter ExtendsClassFilter [parents=[interface org.apache.jmeter.functions.Function], inner=false, contains=null, notContains=null]. Consider exposing JMeter plugins via META-INF/services, and add JMeter-Skip-Class-Scanning=true manifest attribute so JMeter can skip classfile scanning
2024-07-19 15:40:33,484 INFO o.a.j.JMeter: Running test (1721383833484)
2024-07-19 15:40:33,502 INFO o.a.j.e.StandardJMeterEngine: Starting ThreadGroup: 1 : Thread Group
2024-07-19 15:40:33,502 INFO o.a.j.e.StandardJMeterEngine: Starting 1 threads for group Thread Group.
2024-07-19 15:40:33,502 INFO o.a.j.e.StandardJMeterEngine: Thread will continue on error
2024-07-19 15:40:33,502 INFO o.a.j.t.ThreadGroup: Starting thread group... number=1 threads=1 ramp-up=1 delayedStart=false
2024-07-19 15:40:33,505 INFO o.a.j.t.ThreadGroup: Started thread group number 1
2024-07-19 15:40:33,505 INFO o.a.j.e.StandardJMeterEngine: All thread groups have been started
2024-07-19 15:40:33,507 INFO o.a.j.t.JMeterThread: Thread started: Thread Group 1-1
2024-07-19 15:40:33,509 INFO o.a.j.s.SampleResult: Note: Sample TimeStamps are START times
2024-07-19 15:40:33,509 INFO o.a.j.s.SampleResult: sampleresult.default.encoding is set to UTF-8
2024-07-19 15:40:33,509 INFO o.a.j.s.SampleResult: sampleresult.useNanoTime=true
2024-07-19 15:40:33,509 INFO o.a.j.s.SampleResult: sampleresult.nanoThreadSleep=5000
2024-07-19 15:40:33,680 INFO o.a.j.r.Summariser: summary +      1 in 00:00:00 =    5.2/s Avg:   143 Min:   143 Max:   143 Err:     0 (0.00%) Active: 1 Started: 1 Finished: 0
2024-07-19 15:41:00,067 INFO o.a.j.r.Summariser: summary +    101 in 00:00:26 =    3.8/s Avg:   258 Min:    54 Max:   495 Err:     0 (0.00%) Active: 1 Started: 1 Finished: 0
2024-07-19 15:41:00,069 INFO o.a.j.r.Summariser: summary =    102 in 00:00:27 =    3.8/s Avg:   257 Min:    54 Max:   495 Err:     0 (0.00%)
2024-07-19 15:41:30,095 INFO o.a.j.r.Summariser: summary +    107 in 00:00:30 =    3.6/s Avg:   277 Min:    54 Max:   496 Err:     0 (0.00%) Active: 1 Started: 1 Finished: 0
2024-07-19 15:41:30,098 INFO o.a.j.r.Summariser: summary =    209 in 00:00:57 =    3.7/s Avg:   267 Min:    54 Max:   496 Err:     0 (0.00%)
2024-07-19 15:42:00,036 INFO o.a.j.r.Summariser: summary +    111 in 00:00:30 =    3.7/s Avg:   268 Min:    51 Max:   496 Err:     0 (0.00%) Active: 1 Started: 1 Finished: 0
2024-07-19 15:42:00,040 INFO o.a.j.r.Summariser: summary =    320 in 00:01:27 =    3.7/s Avg:   267 Min:    51 Max:   496 Err:     0 (0.00%)
2024-07-19 15:42:30,240 INFO o.a.j.r.Summariser: summary +    112 in 00:00:30 =    3.7/s Avg:   267 Min:    60 Max:   498 Err:     0 (0.00%) Active: 1 Started: 1 Finished: 0
2024-07-19 15:42:30,242 INFO o.a.j.r.Summariser: summary =    432 in 00:01:57 =    3.7/s Avg:   267 Min:    51 Max:   498 Err:     0 (0.00%)
2024-07-19 15:42:33,578 INFO o.a.j.t.JMeterThread: Stopping because end time detected by thread: Thread Group 1-1
2024-07-19 15:42:33,578 INFO o.a.j.t.JMeterThread: Thread finished: Thread Group 1-1
2024-07-19 15:42:33,578 INFO o.a.j.e.StandardJMeterEngine: Notifying test listeners of end of test
2024-07-19 15:42:33,650 INFO o.a.j.r.Summariser: summary +     13 in 00:00:03 =    3.8/s Avg:   254 Min:    96 Max:   502 Err:     0 (0.00%) Active: 0 Started: 1 Finished: 1
2024-07-19 15:42:33,655 INFO o.a.j.r.Summariser: summary =    445 in 00:02:00 =    3.7/s Avg:   267 Min:    51 Max:   502 Err:     0 (0.00%)
